10:59:19 **** Incremental Build of configuration Debug_FLASH for project ADC_PDB_FreeMaster_v2 ****
make -j8 all 
Building file: ../Sources/main.c
Executing target #28 ../Sources/main.c
Invoking: Standard S32DS C Compiler
arm-none-eabi-gcc "@Sources/main.args" -MMD -MP -MF"Sources/main.d" -MT"Sources/main.o" -c -o "Sources/main.o" "../Sources/main.c"
../Sources/main.c: In function 'main':
../Sources/main.c:192:2: warning: implicit declaration of function 'print' [-Wimplicit-function-declaration]
  print(welcomeStr);
  ^
../Sources/main.c:108:8: warning: variable 'adcValue' set but not used [-Wunused-but-set-variable]
  float adcValue;
        ^
Finished building: ../Sources/main.c
 
Building target: ADC_PDB_FreeMaster_v2.elf
Executing target #29 ADC_PDB_FreeMaster_v2.elf
Invoking: Standard S32DS C Linker
arm-none-eabi-gcc -o "ADC_PDB_FreeMaster_v2.elf" "@ADC_PDB_FreeMaster_v2.args"   
./Sources/main.o: In function `main':
C:\\Users\\kamil\\OneDrive\\Documents\\GitHub\\Internship\\TestBench\\ADC_PDB_FreeMaster_v2\\Debug_FLASH/../Sources/main.c:192: undefined reference to `print'
collect2.exe: error: ld returned 1 exit status
make: *** [makefile:70: ADC_PDB_FreeMaster_v2.elf] Error 1

10:59:21 Build Finished (took 1s.189ms)

